ERROR OrderCenter Log OrderCenter - 2015/09/08 02:40:27,135   GetCacheCount Exception: System.Net.WebException: The underlying connection was closed: An unexpected error occurred on a receive. ---> System.IO.IOException: Unable to read data from the transport connection: An existing connection was forcibly closed by the remote host. ---> System.Net.Sockets.SocketException: An existing connection was forcibly closed by the remote host
   at System.Net.Sockets.Socket.Receive(Byte[] buffer, Int32 offset, Int32 size, SocketFlags socketFlags)
   at System.Net.Sockets.NetworkStream.Read(Byte[] buffer, Int32 offset, Int32 size)
   --- End of inner exception stack trace ---
   at System.Net.Sockets.NetworkStream.Read(Byte[] buffer, Int32 offset, Int32 size)
   at System.Net.PooledStream.Read(Byte[] buffer, Int32 offset, Int32 size)
   at System.Net.Connection.SyncRead(HttpWebRequest request, Boolean userRetrievedStream, Boolean probeRead)
   --- End of inner exception stack trace ---
   at System.Net.WebClient.UploadDataInternal(Uri address, String method, Byte[] data, WebRequest& request)
   at System.Net.WebClient.UploadString(Uri address, String method, String data)
   at FS.Rest.RestRequest.Execute() in D:\GitHub\FirstForListenting\FS.Rest\RestRequest.cs:line 31
   at FS.Message.Client.MessageControl.Execute(ExecuteAction action, String param) in D:\GitHub\FirstForListenting\FS.Message.Client\MessageControl.cs:line 80
   at FS.Message.Client.MessageControl.GetCacheCount() in D:\GitHub\FirstForListenting\FS.Message.Client\MessageControl.cs:line 60           
ERROR OrderCenter Log OrderCenter - 2015/09/08 02:41:54,752   GetCacheCount Exception: System.Net.WebException: The underlying connection was closed: An unexpected error occurred on a receive. ---> System.IO.IOException: Unable to read data from the transport connection: An existing connection was forcibly closed by the remote host. ---> System.Net.Sockets.SocketException: An existing connection was forcibly closed by the remote host
   at System.Net.Sockets.Socket.Receive(Byte[] buffer, Int32 offset, Int32 size, SocketFlags socketFlags)
   at System.Net.Sockets.NetworkStream.Read(Byte[] buffer, Int32 offset, Int32 size)
   --- End of inner exception stack trace ---
   at System.Net.Sockets.NetworkStream.Read(Byte[] buffer, Int32 offset, Int32 size)
   at System.Net.PooledStream.Read(Byte[] buffer, Int32 offset, Int32 size)
   at System.Net.Connection.SyncRead(HttpWebRequest request, Boolean userRetrievedStream, Boolean probeRead)
   --- End of inner exception stack trace ---
   at System.Net.WebClient.UploadDataInternal(Uri address, String method, Byte[] data, WebRequest& request)
   at System.Net.WebClient.UploadString(Uri address, String method, String data)
   at FS.Rest.RestRequest.Execute() in D:\GitHub\FirstForListenting\FS.Rest\RestRequest.cs:line 31
   at FS.Message.Client.MessageControl.Execute(ExecuteAction action, String param) in D:\GitHub\FirstForListenting\FS.Message.Client\MessageControl.cs:line 80
   at FS.Message.Client.MessageControl.GetCacheCount() in D:\GitHub\FirstForListenting\FS.Message.Client\MessageControl.cs:line 60           
ERROR OrderCenter Log OrderCenter - 2015/09/08 09:50:52,351   GetMessageTrackByGuid Exception: System.Net.WebException: Unable to connect to the remote server ---> System.Net.Sockets.SocketException: No connection could be made because the target machine actively refused it 127.0.0.1:21111
   at System.Net.Sockets.Socket.DoConnect(EndPoint endPointSnapshot, SocketAddress socketAddress)
   at System.Net.ServicePoint.ConnectSocketInternal(Boolean connectFailure, Socket s4, Socket s6, Socket& socket, IPAddress& address, ConnectSocketState state, IAsyncResult asyncResult, Exception& exception)
   --- End of inner exception stack trace ---
   at System.Net.WebClient.UploadDataInternal(Uri address, String method, Byte[] data, WebRequest& request)
   at System.Net.WebClient.UploadString(Uri address, String method, String data)
   at FS.Rest.RestRequest.Execute() in D:\GitHub\FirstForListenting\FS.Rest\RestRequest.cs:line 31
   at FS.Message.Client.MessageControl.Execute(ExecuteAction action, String param) in D:\GitHub\FirstForListenting\FS.Message.Client\MessageControl.cs:line 102
   at FS.Message.Client.MessageControl.GetMessageTrackByGuid(String itemGuid) in D:\GitHub\FirstForListenting\FS.Message.Client\MessageControl.cs:line 31           
